[2025-11-28T01:34:21.489] [DEBUG] debug-file - session manager: receive watch compile data.
[2025-11-28T01:34:21.489] [DEBUG] debug-file - session manager: send message to worker process.
[2025-11-28T01:34:21.490] [DEBUG] debug-file - watch worker: receive watch compile tata.
[2025-11-28T01:34:21.829] [DEBUG] debug-file - watch worker: send response to session manager. Response type: WatchCompileResult
[2025-11-28T01:34:21.831] [DEBUG] debug-file - session manager: watch message received from worker 1. Type: WatchCompileResult
[2025-11-28T01:34:21.952] [DEBUG] debug-file - session manager: receive watch compile data.
[2025-11-28T01:34:21.953] [DEBUG] debug-file - session manager: send message to worker process.
[2025-11-28T01:34:21.953] [DEBUG] debug-file - watch worker: receive watch compile tata.
[2025-11-28T01:34:22.282] [DEBUG] debug-file - watch worker: send response to session manager. Response type: WatchCompileResult
[2025-11-28T01:34:22.283] [DEBUG] debug-file - session manager: watch message received from worker 1. Type: WatchCompileResult
[2025-11-28T01:34:22.285] [DEBUG] debug-file - session manager: receive watch compile data.
[2025-11-28T01:34:22.286] [DEBUG] debug-file - session manager: send message to worker process.
[2025-11-28T01:34:22.286] [DEBUG] debug-file - watch worker: receive watch compile tata.
[2025-11-28T01:34:22.625] [DEBUG] debug-file - watch worker: send response to session manager. Response type: WatchCompileResult
[2025-11-28T01:34:22.626] [DEBUG] debug-file - session manager: watch message received from worker 1. Type: WatchCompileResult
[2025-11-28T01:34:22.628] [DEBUG] debug-file - session manager: receive watch compile data.
[2025-11-28T01:34:22.629] [DEBUG] debug-file - session manager: send message to worker process.
[2025-11-28T01:34:22.629] [DEBUG] debug-file - watch worker: receive watch compile tata.
[2025-11-28T01:34:22.973] [DEBUG] debug-file - watch worker: send response to session manager. Response type: WatchCompileResult
[2025-11-28T01:34:22.974] [DEBUG] debug-file - session manager: watch message received from worker 1. Type: WatchCompileResult
[2025-11-28T01:34:22.976] [DEBUG] debug-file - session manager: receive watch compile data.
[2025-11-28T01:34:22.977] [DEBUG] debug-file - session manager: send message to worker process.
[2025-11-28T01:34:22.978] [DEBUG] debug-file - watch worker: receive watch compile tata.
[2025-11-28T01:34:23.315] [DEBUG] debug-file - watch worker: send response to session manager. Response type: WatchCompileResult
[2025-11-28T01:34:23.317] [DEBUG] debug-file - session manager: watch message received from worker 1. Type: WatchCompileResult
[2025-11-28T01:34:23.319] [DEBUG] debug-file - session manager: receive watch compile data.
[2025-11-28T01:34:23.319] [DEBUG] debug-file - session manager: send message to worker process.
[2025-11-28T01:34:23.320] [DEBUG] debug-file - watch worker: receive watch compile tata.
[2025-11-28T01:34:23.653] [DEBUG] debug-file - watch worker: send response to session manager. Response type: WatchCompileResult
[2025-11-28T01:34:23.655] [DEBUG] debug-file - session manager: watch message received from worker 1. Type: WatchCompileResult
[2025-11-28T01:34:23.768] [DEBUG] debug-file - session manager: receive watch compile data.
[2025-11-28T01:34:23.769] [DEBUG] debug-file - session manager: send message to worker process.
[2025-11-28T01:34:23.770] [DEBUG] debug-file - watch worker: receive watch compile tata.
[2025-11-28T01:34:24.097] [DEBUG] debug-file - watch worker: send response to session manager. Response type: WatchCompileResult
[2025-11-28T01:34:24.098] [DEBUG] debug-file - session manager: watch message received from worker 1. Type: WatchCompileResult
[2025-11-28T01:34:24.787] [DEBUG] debug-file - session manager: receive watch compile data.
[2025-11-28T01:34:24.787] [DEBUG] debug-file - session manager: send message to worker process.
[2025-11-28T01:34:24.788] [DEBUG] debug-file - watch worker: receive watch compile tata.
[2025-11-28T01:34:25.123] [DEBUG] debug-file - watch worker: send response to session manager. Response type: WatchCompileResult
[2025-11-28T01:34:25.124] [DEBUG] debug-file - session manager: watch message received from worker 1. Type: WatchCompileResult
[2025-11-28T01:34:25.216] [DEBUG] debug-file - session manager: receive watch compile data.
[2025-11-28T01:34:25.216] [DEBUG] debug-file - session manager: send message to worker process.
[2025-11-28T01:34:25.217] [DEBUG] debug-file - watch worker: receive watch compile tata.
[2025-11-28T01:34:25.555] [DEBUG] debug-file - watch worker: send response to session manager. Response type: WatchCompileResult
[2025-11-28T01:34:25.556] [DEBUG] debug-file - session manager: watch message received from worker 1. Type: WatchCompileResult
[2025-11-28T01:34:25.557] [DEBUG] debug-file - session manager: receive watch compile data.
[2025-11-28T01:34:25.558] [DEBUG] debug-file - session manager: send message to worker process.
[2025-11-28T01:34:25.558] [DEBUG] debug-file - watch worker: receive watch compile tata.
[2025-11-28T01:34:25.884] [DEBUG] debug-file - watch worker: send response to session manager. Response type: WatchCompileResult
[2025-11-28T01:34:25.885] [DEBUG] debug-file - session manager: watch message received from worker 1. Type: WatchCompileResult
[2025-11-28T01:34:25.991] [DEBUG] debug-file - session manager: receive watch compile data.
[2025-11-28T01:34:25.992] [DEBUG] debug-file - session manager: send message to worker process.
[2025-11-28T01:34:25.992] [DEBUG] debug-file - watch worker: receive watch compile tata.
[2025-11-28T01:34:26.323] [DEBUG] debug-file - watch worker: send response to session manager. Response type: WatchCompileResult
[2025-11-28T01:34:26.324] [DEBUG] debug-file - session manager: watch message received from worker 1. Type: WatchCompileResult
[2025-11-28T01:34:26.326] [DEBUG] debug-file - session manager: receive watch compile data.
[2025-11-28T01:34:26.326] [DEBUG] debug-file - session manager: send message to worker process.
[2025-11-28T01:34:26.327] [DEBUG] debug-file - watch worker: receive watch compile tata.
[2025-11-28T01:34:26.652] [DEBUG] debug-file - watch worker: send response to session manager. Response type: WatchCompileResult
[2025-11-28T01:34:26.654] [DEBUG] debug-file - session manager: watch message received from worker 1. Type: WatchCompileResult
[2025-11-28T01:34:26.803] [DEBUG] debug-file - session manager: receive watch compile data.
[2025-11-28T01:34:26.804] [DEBUG] debug-file - session manager: send message to worker process.
[2025-11-28T01:34:26.804] [DEBUG] debug-file - watch worker: receive watch compile tata.
[2025-11-28T01:34:27.151] [DEBUG] debug-file - watch worker: send response to session manager. Response type: WatchCompileResult
[2025-11-28T01:34:27.152] [DEBUG] debug-file - session manager: watch message received from worker 1. Type: WatchCompileResult
[2025-11-28T01:34:27.154] [DEBUG] debug-file - session manager: receive watch compile data.
[2025-11-28T01:34:27.155] [DEBUG] debug-file - session manager: send message to worker process.
[2025-11-28T01:34:27.156] [DEBUG] debug-file - watch worker: receive watch compile tata.
[2025-11-28T01:34:27.498] [DEBUG] debug-file - watch worker: send response to session manager. Response type: WatchCompileResult
[2025-11-28T01:34:27.499] [DEBUG] debug-file - session manager: watch message received from worker 1. Type: WatchCompileResult
[2025-11-28T01:34:27.501] [DEBUG] debug-file - session manager: receive watch compile data.
[2025-11-28T01:34:27.502] [DEBUG] debug-file - session manager: send message to worker process.
[2025-11-28T01:34:27.502] [DEBUG] debug-file - watch worker: receive watch compile tata.
[2025-11-28T01:34:27.836] [DEBUG] debug-file - watch worker: send response to session manager. Response type: WatchCompileResult
[2025-11-28T01:34:27.837] [DEBUG] debug-file - session manager: watch message received from worker 1. Type: WatchCompileResult
[2025-11-28T01:34:27.839] [DEBUG] debug-file - session manager: receive watch compile data.
[2025-11-28T01:34:27.839] [DEBUG] debug-file - session manager: send message to worker process.
[2025-11-28T01:34:27.840] [DEBUG] debug-file - watch worker: receive watch compile tata.
[2025-11-28T01:34:28.183] [DEBUG] debug-file - watch worker: send response to session manager. Response type: WatchCompileResult
[2025-11-28T01:34:28.185] [DEBUG] debug-file - session manager: watch message received from worker 1. Type: WatchCompileResult
[2025-11-28T01:34:28.187] [DEBUG] debug-file - session manager: receive watch compile data.
[2025-11-28T01:34:28.187] [DEBUG] debug-file - session manager: send message to worker process.
[2025-11-28T01:34:28.188] [DEBUG] debug-file - watch worker: receive watch compile tata.
[2025-11-28T01:34:28.524] [DEBUG] debug-file - watch worker: send response to session manager. Response type: WatchCompileResult
[2025-11-28T01:34:28.526] [DEBUG] debug-file - session manager: watch message received from worker 1. Type: WatchCompileResult
[2025-11-28T01:34:28.528] [DEBUG] debug-file - session manager: receive watch compile data.
[2025-11-28T01:34:28.528] [DEBUG] debug-file - session manager: send message to worker process.
[2025-11-28T01:34:28.529] [DEBUG] debug-file - watch worker: receive watch compile tata.
[2025-11-28T01:34:28.861] [DEBUG] debug-file - watch worker: send response to session manager. Response type: WatchCompileResult
[2025-11-28T01:34:28.862] [DEBUG] debug-file - session manager: watch message received from worker 1. Type: WatchCompileResult
[2025-11-28T01:34:28.864] [DEBUG] debug-file - session manager: receive watch compile data.
[2025-11-28T01:34:28.865] [DEBUG] debug-file - session manager: send message to worker process.
[2025-11-28T01:34:28.865] [DEBUG] debug-file - watch worker: receive watch compile tata.
[2025-11-28T01:34:29.202] [DEBUG] debug-file - watch worker: send response to session manager. Response type: WatchCompileResult
[2025-11-28T01:34:29.204] [DEBUG] debug-file - session manager: watch message received from worker 1. Type: WatchCompileResult
[2025-11-28T01:34:29.303] [DEBUG] debug-file - session manager: receive watch compile data.
[2025-11-28T01:34:29.304] [DEBUG] debug-file - session manager: send message to worker process.
[2025-11-28T01:34:29.304] [DEBUG] debug-file - watch worker: receive watch compile tata.
[2025-11-28T01:34:29.645] [DEBUG] debug-file - watch worker: send response to session manager. Response type: WatchCompileResult
[2025-11-28T01:34:29.646] [DEBUG] debug-file - session manager: watch message received from worker 1. Type: WatchCompileResult
[2025-11-28T01:34:29.671] [DEBUG] debug-file - session manager: receive watch compile data.
[2025-11-28T01:34:29.672] [DEBUG] debug-file - session manager: send message to worker process.
[2025-11-28T01:34:29.672] [DEBUG] debug-file - watch worker: receive watch compile tata.
[2025-11-28T01:34:30.004] [DEBUG] debug-file - watch worker: send response to session manager. Response type: WatchCompileResult
[2025-11-28T01:34:30.005] [DEBUG] debug-file - session manager: watch message received from worker 1. Type: WatchCompileResult
[2025-11-28T01:34:36.225] [DEBUG] debug-file - watch worker: send response to session manager. Response type: WatchStart
[2025-11-28T01:34:36.226] [DEBUG] debug-file - session manager: watch message received from worker 1. Type: WatchStart
[2025-11-28T01:34:36.490] [DEBUG] debug-file - watch worker: send response to session manager. Response type: WatchLog
[2025-11-28T01:34:36.491] [DEBUG] debug-file - session manager: watch message received from worker 1. Type: WatchLog
[2025-11-28T01:34:36.490] [DEBUG] debug-file - watch worker: send response to session manager. Response type: WatchLog
[2025-11-28T01:34:36.492] [DEBUG] debug-file - session manager: watch message received from worker 1. Type: WatchLog
[2025-11-28T01:34:36.490] [DEBUG] debug-file - watch worker: send response to session manager. Response type: WatchLog
[2025-11-28T01:34:36.493] [DEBUG] debug-file - session manager: watch message received from worker 1. Type: WatchLog
[2025-11-28T01:34:36.852] [DEBUG] debug-file - watch worker: send response to session manager. Response type: WatchResult
[2025-11-28T01:34:36.854] [DEBUG] debug-file - session manager: watch message received from worker 1. Type: WatchResult
